1 extra/gvim 7.4.307-3
    Vi Improved, a highly configurable, improved version of the vi text editor (with advanced features, such as a GUI)
2 extra/gvim-python3 7.4.307-3
    Vi Improved, a highly configurable, improved version of the vi text editor (with advanced features, such as a GUI) with python 3 support
3 extra/vim 7.4.307-3 [installed]
    Vi Improved, a highly configurable, improved version of the vi text editor
4 extra/vim-runtime 7.4.307-3 [installed]
    Runtime for vim and gvim
5 extra/vim-spell-af 20120802-1
    Language files for Vim spell checking
6 extra/vim-spell-am 20120802-1
    Language files for Vim spell checking
7 extra/vim-spell-bg 20120802-1
    Language files for Vim spell checking
8 extra/vim-spell-br 20120802-1
    Language files for Vim spell checking
9 extra/vim-spell-ca 20120802-1
    Language files for Vim spell checking
10 extra/vim-spell-cs 20120802-1
    Language files for Vim spell checking
11 extra/vim-spell-cy 20120802-1
    Language files for Vim spell checking
12 extra/vim-spell-da 20120802-1
    Language files for Vim spell checking
13 extra/vim-spell-de 20120802-1
    Language files for Vim spell checking
14 extra/vim-spell-el 20120802-1
    Language files for Vim spell checking
15 extra/vim-spell-en 20120802-1
    Language files for Vim spell checking
16 extra/vim-spell-eo 20120802-1
    Language files for Vim spell checking
17 extra/vim-spell-es 20120802-1
    Language files for Vim spell checking
18 extra/vim-spell-fo 20120802-1
    Language files for Vim spell checking
19 extra/vim-spell-fr 20120802-1
    Language files for Vim spell checking
20 extra/vim-spell-ga 20120802-1
    Language files for Vim spell checking
21 extra/vim-spell-gd 20120802-1
    Language files for Vim spell checking
22 extra/vim-spell-gl 20120802-1
    Language files for Vim spell checking
23 extra/vim-spell-he 20120802-1
    Language files for Vim spell checking
24 extra/vim-spell-hr 20120802-1
    Language files for Vim spell checking
25 extra/vim-spell-hu 20120802-1
    Language files for Vim spell checking
26 extra/vim-spell-id 20120802-1
    Language files for Vim spell checking
27 extra/vim-spell-it 20120802-1
    Language files for Vim spell checking
28 extra/vim-spell-ku 20120802-1
    Language files for Vim spell checking
29 extra/vim-spell-la 20120802-1
    Language files for Vim spell checking
30 extra/vim-spell-lt 20120802-1
    Language files for Vim spell checking
31 extra/vim-spell-lv 20120802-1
    Language files for Vim spell checking
32 extra/vim-spell-mg 20120802-1
    Language files for Vim spell checking
33 extra/vim-spell-mi 20120802-1
    Language files for Vim spell checking
34 extra/vim-spell-ms 20120802-1
    Language files for Vim spell checking
35 extra/vim-spell-nb 20120802-1
    Language files for Vim spell checking
36 extra/vim-spell-nl 20120802-1
    Language files for Vim spell checking
37 extra/vim-spell-nn 20120802-1
    Language files for Vim spell checking
38 extra/vim-spell-ny 20120802-1
    Language files for Vim spell checking
39 extra/vim-spell-pl 20120802-1
    Language files for Vim spell checking
40 extra/vim-spell-pt 20120802-1
    Language files for Vim spell checking
41 extra/vim-spell-ro 20120802-1
    Language files for Vim spell checking
42 extra/vim-spell-ru 20120802-1
    Language files for Vim spell checking
43 extra/vim-spell-rw 20120802-1
    Language files for Vim spell checking
44 extra/vim-spell-sk 20120802-1
    Language files for Vim spell checking
45 extra/vim-spell-sl 20120802-1
    Language files for Vim spell checking
46 extra/vim-spell-sv 20120802-1
    Language files for Vim spell checking
47 extra/vim-spell-sw 20120802-1
    Language files for Vim spell checking
48 extra/vim-spell-tet 20120802-1
    Language files for Vim spell checking
49 extra/vim-spell-th 20120802-1
    Language files for Vim spell checking
50 extra/vim-spell-tl 20120802-1
    Language files for Vim spell checking
51 extra/vim-spell-tn 20120802-1
    Language files for Vim spell checking
52 extra/vim-spell-uk 20120802-1
    Language files for Vim spell checking
53 extra/vim-spell-yi 20120802-1
    Language files for Vim spell checking
54 extra/vim-spell-zu 20120802-1
    Language files for Vim spell checking
55 community/apvlv 0.1.4.20121023-3
    A PDF Viewer, which behaves like Vim
56 community/clewn 1.15-5
    gdb support for vim
57 community/notmuch-vim 0.18-1
    Vim plugins for notmuch
58 community/ranger 1.6.1-2
    A simple, vim-like file manager
59 community/vim-a 2.18-6 (vim-plugins)
    alternate files in vim quickly (.c -> .h etc)
60 community/vim-align 37.43-1
    Lets you align lines using regular expressions
61 community/vim-bufexplorer 7.4.2-1 (vim-plugins)
    A simple buffer list/switcher for vim
62 community/vim-colorsamplerpack 2012.10.28-3 (vim-plugins)
    Different colorschemes for vim
63 community/vim-doxygentoolkit 0.2.13-2 (vim-plugins)
    This script simplify doxygen documentation in C/C++
64 community/vim-fugitive 1.2-1 (vim-plugins)
    A git wrapper so awesome, it should be illegal.
65 community/vim-guicolorscheme 1.2-4 (vim-plugins)
    Auto convert gui-only colorschemes to 88/256 color terminal schemes
66 community/vim-indent-object 1.1.2-2 (vim-plugins)
    Text objects based on indent levels
67 community/vim-jad 1.3-3 (vim-plugins)
    Automatically decompiles java class files and displays java code
68 community/vim-jedi 0.7.0-4 (vim-plugins)
    Vim plugin for jedi, an awesome Python autocompletion.
69 community/vim-jellybeans 1.5-1 (vim-plugins)
    Colorful, dark color scheme, inspired by ir_black and twilight
70 community/vim-latexsuite 20130126-1 (vim-plugins)
    Tools to view, edit, and compile LaTeX documents within Vim.
71 community/vim-minibufexpl 6.5.2-1 (vim-plugins)
    An elegant buffer explorer for vim
72 community/vim-nerdtree 4.2.0-3 (vim-plugins)
    A tree explorer plugin for navigating the filesystem
73 community/vim-netrw 150-1 (vim-plugins)
    Network oriented reading, writing, and browsing (keywords: netrw ftp scp)
74 community/vim-omnicppcomplete 0.4.1-6 (vim-plugins)
    vim c++ completion omnifunc with a ctags database
75 community/vim-pastie 2.0-6
    A Vim plugin that lets you read and create pastes at http://pastie.org/
76 community/vim-project 1.4.1-6 (vim-plugins)
    Organize and navigate projects of files (like an ide/buffer explorer)
77 community/vim-rails 5.1-1
    Vim plugin for enhanced Ruby on Rails application development
78 community/vim-supertab 2.1-1 (vim-plugins)
    A Vim plugin that allows you to use the tab key to do all insert completion.
79 community/vim-surround 2.0-2 (vim-plugins)
    Provides mappings to easily delete, change, and add paired "surroundings"
80 community/vim-systemd 20140209-1
    Vim syntax highlighting for systemd unit files
81 community/vim-taglist 46-1 (vim-plugins)
    A source code browser plugin for vim
82 community/vim-ultisnips 3.0-1 (vim-plugins)
    TextMate-style snippets for Vim.
83 community/vim-vcscommand 1.99.47-1 (vim-plugins)
    vim version control system integration plugin
84 community/vim-workspace 1.0b1-6 (vim-plugins)
    vim workspace manager plugin for managing groups of files
85 community/vimpager 1.8.9-1
    A vim-based script to use as a PAGER.
86 aur/4kyoutubetomp3 2.8-2 (5)
    Extract audio from YouTube, Vimeo, Facebook and other online video hosting services.
87 aur/aphex-git 2013.08.18.ge7788e1-1 (1)
    A lightweight cli hex editor with vim-like keybinds
88 aur/apparmor-vim 2.8.3-1 (66)
    AppArmor VIM support
89 aur/apparmor-vim-bzr 2.8.96.bzr.2522-1 (1)
    AppArmor VIM support
90 aur/apvlv-git 20111220-1 (10)
    A pdf viewer which behaves like Vim.
91 aur/atp-vim 12.2-1 (4)
    Automatic LaTex Plugin for Vim
92 aur/aurora-pentadactyl-hg 6834-1 (0)
    Vim-like five-fingered interface for Aurora
93 aur/bashstyle 1:8.4-2 (30)
    A PyGTK client for managing bash, readline, vim, and nano settings
94 aur/bashstyle-git bashstyleng.8.4.r22.g7b082d4-2 (2)
    A PyGTK client for managing bash, readline, vim, and nano settings (git version)
95 aur/bviplus 0.9.4-1 (12)
    Bviplus is an ncurses based hex editor with a vim-like interface.
96 aur/ccode-git 20110326-1 (4)
    ViM autocompletion for C
97 aur/cfdg-vim 0.3-1 (2)
    Vim syntax files for CFDG design grammars.
98 aur/colemak-vim 20110517-1 (8)
    Colemak keyboard layout for vim by Shai Coleman
99 aur/cream 0.43-1 (1)
    A modern configuration of the Vim text editor
100 aur/cream-browser 20100519-1 (13)
    A vim-like lightweight web browser based on WebKit and the GTK+ library
101 aur/ctags-for-indexer 5.8.1-1 (2)
    Generates an index file of language objects found in source files, with patch for vim-indexer
102 aur/cvim 7.3-1 (6)
    Vim compiled without gui, without deps on vi/vim, ruby and desktop utils, supports x clipboard.
103 aur/dependencies-for-vim-ipython 20120903-1 (1)
    Dependencies for vim-ipython
104 aur/dtd2vim 20110907-2 (4)
    Script for creation XML data file for Vim7 XML omni-completion from DTDs
105 aur/e4r-git 20091009-1 (1)
    A script to cripple vim and make it more like nano.
106 aur/eclim 2.3.4-1 (107)
    Brings Eclipse functionality to Vim
107 aur/eclim-git 20130630-1 (12)
    Brings Eclipse functionality to Vim
108 aur/eclipse-vimplugin 0.3.0-1 (5)
    An attempt to use the vim editor inside the eclipse IDE
109 aur/eclipse-vrapper 0.42.0-1 (36)
    Vim-like editing plugin for Eclipse
110 aur/edumagnet 0.11-1 (4)
    Video player for searching and downloading educational videos from youtube, vimeo, public tv sites, RSS feeds, ...
111 aur/emacs-color-theme-xoria256 20130429-1 (2)
    Emacs port of Dmitriy Zotikov's xoria256 vim theme
112 aur/emacs-evil-git 20130607-1 (11)
    An extensible Vi layer for Emacs. It emulates the main features of Vim, and provides facilities for writing custom extensions.
113 aur/falcon-vim 1-1 (0)
    Vim support for Falcon programming language
114 aur/firefox-extension-vimfx 0.5.12-1 (1)
    Introduces Vim-style keyboard shortcuts for browsing and navigation without using the mouse.
115 aur/fortune-mod-vimtips 20131101-2 (5)
    Vim fortune cookies
116 aur/ghc-mod 3.1.3-1 (4)
    Happy Haskell programming on Emacs/Vim
117 aur/git-vim 77.19b88ad-1 (28)
    Provides Git plugins for Vim and syntax files for Git displays.
118 aur/gocode-git 528.4c6097b-1 (17)
    An autocompletion/refactoring daemon for the Go programming language (for use in Vim)
119 aur/gtk-theme-vimix 3.0-1 (2)
    Vimix Flat Themes for gtk2, gtk3, metacity, openbox, xfwm4 and unity
120 aur/gvim-hg 20131113-1 (2)
    Vi Improved, a highly configurable, improved version of the vi text editor with GTK2 GUI, no interpreters embedded
121 aur/gvim-python3-noconflict 7.4.307-3 (1)
    Vi Improved, compiled with Python 3 support that can co-exist with the Arch maintained Python 2 compiled gvim package
122 aur/julia-vim-git 20130708-1 (5)
    Vim support for the Julia language.
123 aur/kakoune-git r1928.05d69f7-1 (4)
    Code editor heavily inspired by Vim
124 aur/keysnail-git 0.r1108.e669d03-1 (1)
    For Vim users, there is Vimperator. For Emacs users, there is KeySnail.
125 aur/mkvimball 1-1 (2)
    A vimball generator
126 aur/muttator latest_snapshot-2 (12)
    Make Thunderbird look and behave like Vim
127 aur/muttator-hg 4744.f321e01078a5-1 (9)
    Make Thunderbird look and behave like Vim; built from HEAD of branch default
128 aur/mvim-git v0.1.0.r0.gee15d51-1 (1)
    Rename or move files by editing their names with vim.
129 aur/neobundle-git 2.1.599.g541a1bc-1 (4)
    Ultimate Vim plugin manager inspired by Vundle
130 aur/neovim-git 0.r624.c70a526-1 (44)
    Vim's rebirth for the 21st century
131 aur/ocaml-merlin-git 20130220-3 (0)
    Context sensitive completion for OCaml in Vim and Emacs
132 aur/otf-droidsansmono-powerline-git 20130423-1 (7)
    Pre-patched and adjusted version of Droid Sans Mono for usage with the new Powerline plugin for vim.
133 aur/pacdiffvim-git fb5c9f9-1 (0)
    a pacnew/pacorig/pacsave file updater for vim enthusiasts
134 aur/pacnews-git 20120731-1 (12)
    Find .pacnew files and merge them with vimdiff
135 aur/pentadactyl-hg 6976.a34a77b2caff-1 (27)
    Vim-like five-fingered interface for Firefox
136 aur/pentadactyl-nightly 20130604-1 (8)
    Firefox for Vim and Links addicts. The next generation of Vimperator by its primary developers.
137 aur/perl-text-vimcolor 0.24-2 (6)
    Text::VimColor - Syntax highlight text using Vim
138 aur/pim 0.2.0-1 (4)
    Python image viewer with vim-like keybindings
139 aur/pim-git 0.2.0.7.g8820869-1 (2)
    A Python image viewer with vim-like keybindings
140 aur/pnfo-git 20100822-1 (2)
    View 'NFO' files containing ASCII art in all its glory in Vim
141 aur/pyclewn 1.11-1 (41)
    A python version of gdb support for vim
142 aur/pyclewn2 1.9-1 (1)
    A python2 version of gdb support for vim
143 aur/python-ropevim 0.4-4 (13)
    Plugin for performing python refactorings in vim
144 aur/python-vim 20120315-1 (2)
    Simple tool used to easily modify scripts inside the python interactive console
145 aur/python-vim-git 20120315-1 (2)
    Simple tool used to easily modify scripts inside the python interactive console
146 aur/python2-pyclewn 1.11-1 (2)
    A python2 version of gdb support for vim
147 aur/python2-ropevim 0.4-3 (9)
    Plugin for performing python refactorings in vim
148 aur/python2-vim 20120315-1 (2)
    Simple tool used to easily modify scripts inside the python interactive console
149 aur/python2-vim-git 20120315-1 (0)
    Simple tool used to easily modify scripts inside the python interactive console
150 aur/python2-vim-pandemic-git 0.0.0-2 (0)
    A utility for managing Vim bundles
151 aur/python2-vimpdb 0.4.5-1 (7)
    This package provides an integration of the Python debugger pdb into the VIM editor.
152 aur/qavimator-svn 272-5 (5)
    Qt port of Vince Invincible's avimator, bvh 3D animation editor for SecondLife
153 aur/r-vimcom.plus 0.9-93 (3)
    R server for communication via vim-r
154 aur/ranger-git 1.6.0.109.g234a50a-1 (139)
    A simple, vim-like file manager.
155 aur/ranger-python2-git v1.6.0.111.g63b6a82-1 (5)
    A simple, vim-like file manager (git version)
156 aur/rbook 20130301-1 (1)
    Vim style document viewer
157 aur/ropemode-hg 0.1-4 (4)
    Common parts of ropemacs and ropevim.
158 aur/rsense 0.3-4 (3)
    A Ruby development tools for Emacs and Vim
159 aur/ruby-vmail 2.6.2-1 (4)
    A Vim interface to Gmail
160 aur/salt-vim-git r22.e0e7d4d-1 (2)
    Vim files for editing Salt files
161 aur/simpylfold-git v1.1.r4.g31520d3-1 (0)
    better-than-indent python syntax folding for vim
162 aur/teledactyl-hg 0.6-1 (1)
    Teledactyl is a fork of Muttator, an add-on for the Thunderbird mail client, which makes it look and behave like the Vim text editor.
163 aur/todotxt-vim-plugin-git r48.5a2eb56-1 (1)
    Vim plugin for Todo.txt
164 aur/ttf-anonymous-pro-powerline 1.0-1 (23)
    A Vim Powerline compatible version of Anonymous-Pro
165 aur/tudu 0.9.1-1 (25)
    ncurses-based hierarchical todo list manager with vim-like keybindings
166 aur/urxvt-url-picker 0.01-1 (10)
    Open URLs in rxvt-unicode using the keyboard. Like urxvt-url-select, but implements a vimperator-style URL selection, primitively handles wrapped URLs, and can also be used in conjunction with matcher
167 aur/v-git 20111009-1 (1)
    z for vim
168 aur/vi-vim-symlink 1-1 (0)
    "Links /usr/bin/vi and /usr/bin/view to vim. Vim is the default vi on most linux distributions, Mac OS X, and MS Windows. Replicate this in Arch by replacing the actual vi package with links to vim. edit/ex/vedit from the vi package are not linked."
169 aur/vifm-vim-plugin-git 0.7.5-2 (1)
    Ncurses based file manager with vi like keybindings, with vim plugin
170 aur/vigedit-bzr 74-1 (4)
    Plugin for Gedit, which provides Vim key bindings to the Gedit editor
171 aur/viget 0.2.5-2 (1)
    Download and convert videos from site like Youtube and Vimeo
172 aur/vim-abolish-git 20120821-1 (0)
    This plugin is three superficially unrelated plugins in one that share a common theme: working with variants of a word.
173 aur/vim-accordion-git 20140124-1 (1)
    Vim window manager for people who love vsplits
174 aur/vim-ack 0.3.1-1 (8)
    Plugin for the CLI script/Perl module 'ack'
175 aur/vim-actionscript 0.3-2 (5)
    ActionScript 3.0, 2.0, and 1.0 syntax file
176 aur/vim-after-syntax-perl-git 20110706-1 (3)
    Extended syntax highlighting rules for Perl
177 aur/vim-after-syntax-vim-git 20110706-1 (0)
    Extended syntax highlighting rules for Vimscript
178 aur/vim-ag 20140327-1 (2)
    Vim plugin for the_silver_searcher
179 aur/vim-airline 0.6-1 (0)
    A lean & mean statusline for vim that's light as air. Release version.
180 aur/vim-airline-git 863.66d0a47-1 (13)
    A lean & mean statusline for vim that's light as air.
181 aur/vim-altr 0.1.0-1 (1)
    Switch to the missing file without interaction
182 aur/vim-ansicolors-git 20110717-1 (3)
    Highlight ANSI color name strings with appropriate colors (vim, gvim)
183 aur/vim-ant_menu 0.5.7.1-2 (2)
    Vim plugin for ant
184 aur/vim-arduino-snippets 1.0-3 (1)
    Some snippets to simplify code for arduino boards
185 aur/vim-arduino-syntax 8-1 (6)
    Vim syntax file for arduino
186 aur/vim-argtextobj 1.1-1 (1)
    Text-object like motion for arguments
187 aur/vim-asciidoc-git 20121126-1 (0)
    AsciiDoc Syntax Plugin for vim
188 aur/vim-assistant 1.5.2-1 (5)
    Display the definition of functions, variables, etc. (Tags, PHP/JS/Vim/...)
189 aur/vim-async-command-git 20120813-1 (0)
    AsyncCommand for vim
190 aur/vim-auctex 2.2.14-1 (24)
    Macros for latex.
191 aur/vim-authorinfo 1.5.1-1 (2)
    "You can add your author info in any source files,such as cpp,c,java,and c
192 aur/vim-autoalign 13-1 (7)
    Automatically align as you type (autoalign): bib c c++ html maple matlab tex vim.
193 aur/vim-autoclose 1.4-4 (27)
    Inserts matching bracket, paren, brace or quote
194 aur/vim-autoclose-alt 1.2-1 (3)
    This plugin closes opened parenthesis, braces, brackets, quotes as you type them.
195 aur/vim-autoclose-git 20121002-1 (0)
    vim autoclose plugin
196 aur/vim-autocomplpop 2.14.1-1 (26)
    Automatically open the popup menu for completion
197 aur/vim-autocorrect 1.03-2 (0)
    Correct common typos and misspellings as you type
198 aur/vim-awk-support 1.0-1 (1)
    AWK-IDE - Write and run AWK-scripts using menus and hotkeys
199 aur/vim-badwolf-git 1:e6fdf18-1 (1)
    A color scheme for Vim, pieced together by Steve Losh.
200 aur/vim-bandit r274-1 (Out of Date) (2)
    Colour Scheme
201 aur/vim-base16-git 0.r46.ba8cf77-1 (2)
    Base16 for Vim
202 aur/vim-bash-support 4.2.1-1 (29)
    BASH-IDE - Write and run BASH-scripts using menus and hotkeys. 
203 aur/vim-bbye-git 22.a018cbc-1 (0)
    Delete buffers in vim without closing your windows or messing up your layout.
204 aur/vim-betterdigraphs-git 20131218-1 (0)
    Vim global plugin for better digraph interactions, by Damien Conway
205 aur/vim-blockcomment 1.1-3 (11)
    Simple commenting and uncommenting of blocks of code
206 aur/vim-blockhl 4-4 (3)
    Highlights indentation blocks with different shades of gray, based on {} (curly braces) level
207 aur/vim-blockhl-dev 20110922-1 (0)
    Highlights indentation blocks with different shades of gray, based on {} (curly braces) level (development version)
208 aur/vim-blogger 2.3-1 (2)
    The only one vim script which handles Blogger. Powered by Metarw
209 aur/vim-blogit 1.4.3-5 (9)
    VIM plugin to easily access wordpress
210 aur/vim-boost-jam 0.3-2 (0)
    Jam (or Boost.Build) syntax
211 aur/vim-borland 1.0-1 (2)
    Classic borland IDE like Vim color scheme
212 aur/vim-brief 1.0-1 (1)
    Brief editor key binding emulation in Vim
213 aur/vim-brookstream 1.1-1 (5)
    A dark blue/green colorscheme
214 aur/vim-browser 1.1-1 (17)
    web browser plugin
215 aur/vim-buffergator 2.3.2-1 (2)
    Buffer listing, selection, and switching/navigation utility for vim
216 aur/vim-buffergator-git 20121218-1 (1)
    Buffer listing, selection, and switching/navigation utility for vim
217 aur/vim-bufferline-git r42.1788138-1 (0)
    Super simple plugin to show the list of buffers in the command bar.
218 aur/vim-bufferlist 1.3-1 (4)
    Simple, fast, and slick non-disturbing buffer list
219 aur/vim-bufkill 1.11-2 (1)
    Unload/delete/wipe a buffer, keep its window(s), display last accessed buffer(s)
220 aur/vim-bufstat-git 08202011-1 (1)
    buffer listing in status bar for vim
221 aur/vim-buftabs 0.18-1 (2)
    Minimalistic buffer tabs saving screen space
222 aur/vim-busybee 1.0.1-2 (6)
    a dark color scheme (modification of Mustang.vim)
223 aur/vim-c 6.0-2 (47)
    C/C++ IDE --  Write and run programs. Insert statements, idioms, comments etc.
224 aur/vim-cabal 1.4-1 (5)
    Syntax coloration for Cabal
225 aur/vim-calendar 2.9-3 (10)
    This script create calender windows in vim
226 aur/vim-calendar-git 20130326-2 (0)
    This script creates calendar windows in vim (GIT version)
227 aur/vim-camelcasemotion 1.52-3 (2)
    Motion through CamelCaseWords and underscore_notation
228 aur/vim-candycode 1.0.1-4 (6)
    A colorful dark scheme with bright pastel colors 
229 aur/vim-caravaggio-git 20100401-2 (Out of Date) (1)
    A Gvim color theme named after the great baroque painter, Michelangelo Merisi da Caravaggio, git version. You can find screenshot at http://www.flickr.com/photos/10943014@N00/4483378333/
230 aur/vim-ccase 1.38-1 (2)
    Script to setup maps/menus to add in using Clearcase
231 aur/vim-cctree 1.61-1 (12)
    C Call-Tree Explorer - Source-code analysis, real-time display of code flow
232 aur/vim-cecutil 17-2 (0)
    save/restore window position, mark position, selected user maps
233 aur/vim-cf3-git 20130202-1 (3)
    VIM files to support Cfengine 3 policy editing
234 aur/vim-cfdg 0.3-1 (1)
    Vim syntax files for Context Free Design Grammar (CFDG)
235 aur/vim-changing-colour 3.7-1 (1)
    Changes highlight colours gradually based on the hour
236 aur/vim-cisco-git 211.2a935825fb6c754-1 (1)
    Vim syntax highlighting for Cisco configuration, Cisco ASA firewall and Cisco ACL files
237 aur/vim-clam-git 20120908-1 (1)
    A lightweight Vim plugin for working with shell commands
238 aur/vim-clang 1.0-1 (2)
    Clang compiler definition
239 aur/vim-clang-complete 2.0-2 (60)
    clang complete : Use of Clang for completing C, C++, Objective-C and Objective-C++
240 aur/vim-clang-complete-git 20130623-1 (18)
    Plugin which uses clang for accurately completing C and C++ code. Git version.
241 aur/vim-classpath-git 20140106-1 (2)
    Set 'path' from the Java class path in Vim, by tpope
242 aur/vim-clips 1:0.3-1 (2)
    Syntax highlighting for CLIPS
243 aur/vim-clojure 2.3.6-2 (6)
    vim plugin for Clojure with repl in a buffer, omni completion, docstring lookup
244 aur/vim-clojure-sql-git 20120913-1 (1)
    Simple Vim plugin to enable SQL syntax highlighting inside strings in a Clojure file
245 aur/vim-clojure-static-git 20140210-1 (2)
    Meikel Brandmeyer's excellent Clojure runtime files, extracted for static editing and use with alternate Clojure development plugins
246 aur/vim-closetag 0.9.1-3 (Out of Date) (11)
    Functions and mappings to close open HTML/XML tags
247 aur/vim-cmake-lint 1.2-1 (3)
    Provides vim autocompletion for CMake files
248 aur/vim-cmdalias 2.0-2 (2)
    Create aliases for Vim commands
249 aur/vim-cmdline-complete 1.1.3-3 (5)
    complete command-line (: / etc.) from the current file
250 aur/vim-cobalt 1.4-1 (5)
    This is a Vim version of one of TextMate's default colour schemes, Cobalt. Only designed for GVim.
251 aur/vim-cocoa 0.1-3 (Out of Date) (2)
    Plugin for Cocoa/Objective-C development
252 aur/vim-code_complete 2.9-3 (15)
    function parameter complete, code snippets, and much more
253 aur/vim-codepad 1.4-1 (3)
    Post the contents of your current buffer to the pastebin service at codepad.org
254 aur/vim-coffeescript-git v002.103.g18c6852-1 (23)
    CoffeeScript syntax support for Vim.
255 aur/vim-colors-eddie-git 20120220-1 (0)
    A dark pastel colorscheme my friend spent too much time on
256 aur/vim-colors-github 1.1-1 (3)
    Port of GitHub's lovely light-background syntax highlighting theme to Vim
257 aur/vim-colors-jellyx 0.1-1 (0)
    A delicious collision of Jellybeans and Xoria256
258 aur/vim-colors-jellyx-git 20140522-1 (0)
    A delicious collision of Jellybeans and Xoria256
259 aur/vim-colors-liquidcarbon 1.1-2 (3)
    Matte dark-gray background with flat dark blue-slate trimmings, and colorful yet harmonious syntax highlighting, for Vim
260 aur/vim-colors-mayansmoke 2.0-2 (1)
    Pleasant and ergonomic light-background Vim color scheme, designed for long hours of coding and working
261 aur/vim-colors-neverland-git 20120511-1 (2)
    Exquisite dark colors with expressive syntax highlighting rules, for Vim
262 aur/vim-colors-solarized-git 20131007-1 (80)
    Precision colors for machines and people.
263 aur/vim-colors-sorcerer 1.3-2 (3)
    A heavily-reworked version of 'Mustang' by Henrique C. Alves, with lower-keyed colors
264 aur/vim-colors-zenburn 2.22-3 (30)
    Nothing too fancy, just some alien fruit salad to keep you in the zone
265 aur/vim-colorscheme-mustang 20080926-2 (0)
    Dark Vim colorscheme for coders. Supports GUI and terminal modes.
266 aur/vim-colorschemeeditor-git 20120328-1 (1)
    PyGTK GUI to more easily create colorschemes
267 aur/vim-colorschemes 20130124-1 (73)
    A very large collection of color schemes from vim.org
268 aur/vim-colorschemes-noah 0fd115b-1 (0)
    A Vim colorscheme collection by noah (256-color only)
269 aur/vim-colorsupport 1.0.5-1 (20)
    Use colorschemes written for gvim in color terminals
270 aur/vim-colortest 0.1-1 (10)
    xterm 256 color test and visual colors list
271 aur/vim-colortoggle-git 20131127-1 (0)
    Vim plugin for toggling background and color scheme
272 aur/vim-colorzone 0.2-1 (3)
    Colorscheme Use More Soft Colors
273 aur/vim-command-t 1.8-1 (32)
    an extremely fast, intuitive mechanism for opening files and buffers with a minimal number of keystrokes
274 aur/vim-commentary 1.2-1 (1)
    Comment stuff out
275 aur/vim-commentop 1.1.1-2 (2)
    commands and operators to comment/uncomment lines in many languages
276 aur/vim-comments 2.12-4 (18)
    Plugin to comment and un-comment lines in different source files in both normal and visual mode.
277 aur/vim-compview 1.05-1 (2)
    Compressed Search View for vim
278 aur/vim-conque 2.3-1 (36)
    Conque is a Vim plugin allowing users to execute and interact with programs, typically a shell such as bash, inside a buffer window.
279 aur/vim-covim-git 130.40ae4c3-1 (2)
    collaborative editing for vim
280 aur/vim-cpp 1.12-4 (28)
    Extends C++ syntax highlighting to STL classes and method names
281 aur/vim-cppcheck 1.0-2 (3)
    Compiler definition for cppcheck
282 aur/vim-cream-showinvisibles 3.01-1 (5)
    Toggle view of invisible tabs, returns, trailing spaces
283 aur/vim-cref 1.0.4-3 (8)
    C-reference manual especially designed for Vim
284 aur/vim-csapprox 4.0-1 (13)
    Make gvim-only colorschemes work transparently in terminal vim
285 aur/vim-cscope 20020307-2 (16)
    CSCOPE settings for vim
286 aur/vim-css 0.7-6 (21)
    CSS color preview
287 aur/vim-csspretty 1.0-1 (3)
    Pretty-print a css file with VIM
288 aur/vim-csv-git 20130928-1 (3)
    Vim filetype plugin for CSV files
289 aur/vim-ctk 0.6-1 (4)
    Fast compile and run plugin for Vim
290 aur/vim-ctrlp 1.79-1 (9)
    Full path fuzzy file, buffer, mru, tag, ... finder
291 aur/vim-ctrlsf-git 20140302-1 (0)
    ack.vim alternative like Ctrl-Shift-F on Sublime Text
292 aur/vim-cute-python-git 25.313a810-1 (0)
    Unicode goodness for Python code by using vim's 'conceal' feature
293 aur/vim-cuteerrormarker 1.3.2-1 (2)
    Display error marks on line which contain errors after compilation
294 aur/vim-cutetodo 1.1-4 (6)
    Manage to-do lists within vim
295 aur/vim-cvsmenu 0.5.7.1-2 (2)
    CVS(NT) integration plugin
296 aur/vim-darcs 0.2.1-1 (1)
    basic Darcs support for vim
297 aur/vim-darkburn 1.3.1-2 (13)
    Darkburn: A darker mod of Zenburn
298 aur/vim-darkdevel 1.1.2-2 (3)
    Darkdevel Vim colorscheme.
299 aur/vim-darkspectrum 1.8-2 (20)
    a gvim color scheme based on the oblivion color scheme for gedit
300 aur/vim-dart-plugin 20140124-1 (1)
    Syntax highlighting for Dart in Vim
301 aur/vim-dbext 18.0-1 (6)
    Provides database access to many DBMS (Oracle, Sybase, Microsoft, MySQL, DBI,..)
302 aur/vim-debug-git 20101121-1 (1)
    This plugin creates an integrated debugging environment in VIM.
303 aur/vim-debugger 1.0.2-4 (5)
    A script to provide a debugger interface to the DBGp protocol.
304 aur/vim-decho 20-1 (3)
    Vim script internal debugger (output in separate window, tab, or remote vim)
305 aur/vim-default-editor 1.0-1 (4)
    Set vim as the default editor in the shell
306 aur/vim-delimitmate 2.6-1 (5)
    Provides auto-balancing and some expansions for parens, quotes, etc.
307 aur/vim-detectindent-git 0.r20.c6f6e7b-1 (9)
    Vim script for automatically detecting indent setting
308 aur/vim-dfrankutil 1.0-1 (1)
    Just a library for some scripts (Indexer, Vimprj).
309 aur/vim-dirdiff 1.1.4-1 (9)
    A plugin to diff and merge two directories recursively
310 aur/vim-doc-es 0.5-1 (2)
    Vim help files translation to Spanish
311 aur/vim-doc-pl 1.0-3 (3)
    The VIM Polish document
312 aur/vim-dockerfile-git r25.150dea1-1 (0)
    Vim syntax file & snippets for Docker's Dockerfile
313 aur/vim-dotoutlinetree 1.2.3-1 (1)
    DotOutlineTree - Helps you edit structured text
314 aur/vim-doxygen-support 2.0.2-2 (Out of Date) (4)
    Generate Doxygen comments from user defined templates
315 aur/vim-dpaste 0.1-3 (1)
    Vim plugin to paste to dpaste.com
316 aur/vim-dragvisuals-git 20131218-1 (2)
    Vim global plugin for dragging virtual blocks, by Damien Conway
317 aur/vim-drawit 12-1 (13)
    Ascii drawing plugin: lines, ellipses, arrows, fills, and more!
318 aur/vim-dual 1.1-1 (3)
    The Dual colorscheme that you've longing for
319 aur/vim-dwm-git 6149e58-1 (1)
    Dynamic Window Manager behaviour for Vim
320 aur/vim-easybuffer-git 20120917-1 (0)
    simple plugin to quickly switch between buffers using corresponding keys or buffer numbers displayed in easybuffer quick switch window
321 aur/vim-easydir-git 20131231-1 (0)
    A simple way to create, edit and save files and parent directories in Vim
322 aur/vim-easyhtml 0.5.1-1 (7)
    Allows to add attributs/values/CSSProperties to HTML tags/attributs very easily
323 aur/vim-easymotion 1.3-1 (8)
    simpler and faster vim motions
324 aur/vim-easymotion-git 1.3.r0.g667a668-3 (5)
    simpler and faster vim motions
325 aur/vim-easytags 3.4.3-1 (11)
    Automatically create a global tags file with ctags and keep it up-to-date as you edit files in Vim. The tags are also used to perform dynamic syntax highlighting of user-defined functions and types.
326 aur/vim-echofunc 2.0-1 (8)
    Echo the function declaration in the command line for C/C++
327 aur/vim-eclipse 1.0.2-3 (9)
    while typing a C function, a prototype is shown (man3 based)
328 aur/vim-editsrec 00.01.00-1 (2)
    Vim Global Plugin for Editing .srec Files
329 aur/vim-egs-git 20130607-1 (1)
    EGS template for Vim
330 aur/vim-elixir-git 20140113-1 (2)
    Vim configuration files for Elixir
331 aur/vim-emacs 20010816-3 (4)
    Emacs like colors
332 aur/vim-endwise 1.2-1 (4)
    Wisely add "end" in ruby, endfunction/endif/more in vim script, etc 
333 aur/vim-engspchk 64-3 (6)
    Spelling checker: On-the-fly spell checking, multi-language, alternate spellings
334 aur/vim-enhancedjumps 1.12-2 (2)
    Enhanced jump list navigation commands
335 aur/vim-enhcomm 2.3-7 (9)
    EnhancedCommentify plugin to comment/un-comment lines in source code files.
336 aur/vim-enumtocase r282-1 (2)
    Convert enumerated lists to case statements
337 aur/vim-erlang-git 20100826-1 (Out of Date) (6)
    A set of erlang plugins for VIM
338 aur/vim-erlang_detectvariables 1.1-2 (6)
    detect Erlang variables
339 aur/vim-errormarker 0.1.13-1 (3)
    Highlights and sets error markers for lines with compile errors
340 aur/vim-errsign 0.1-3 (2)
    Vim plugin: display marks on lines with errors
341 aur/vim-eruby 2.0-1 (3)
    Highlight eruby code blocks within html
342 aur/vim-eunuch 1.0-2 (1)
    Vim sugar for the UNIX shell commands that need it the most, by tpope
343 aur/vim-eunuch-git 20130302-1 (1)
    Vim sugar for the UNIX shell commands that need it the most, by tpope
344 aur/vim-ex 8.02b-1 (2)
    IDE all in vim.
345 aur/vim-expand-region-git 20130819-1 (0)
    Visually select increasingly larger regions of text using the same key combination
346 aur/vim-explorer 0.98-2 (Out of Date) (8)
    A Vim plugin which enables Vim to act as a file manager
347 aur/vim-extended-git 20100403-1 (1)
    Vim with various extensions
348 aur/vim-extradite-git 20110302-1 (1)
    A git commit browser. Latest git version
349 aur/vim-exvim 8.05-1 (2)
    exVim make the vim as an IDE like environment all in vimscript. 
350 aur/vim-fakeclip 0.2.9-1 (4)
    Pseudo X11-clipboard / screen / tmux  register
351 aur/vim-fastiane 0.21-1 (2)
     a tool to help you quick edit and save abbreviation, snippets .etc
352 aur/vim-fastladder 0.9-1 (2)
    vimscript for fastladder
353 aur/vim-favmenu 0.33-1 (2)
    A new menu, like IE's Favourites, or Netscape's Bookmark
354 aur/vim-fencview 4.8-1 (7)
    Autodetect multiple encodings
355 aur/vim-ferm 0.04-1 (1)
    Vim syntax highlighting for ferm scripts
356 aur/vim-file-line-git 20131208-1 (0)
    Open a file in Vim on a given line
357 aur/vim-file-templates 1.0-1 (0)
    File templates for VIM
358 aur/vim-fileline 1.0-1 (2)
    Opens file:line doing the right thing
359 aur/vim-fireplace-git 20140208-1 (2)
    Clojure REPL tease, by tpope
360 aur/vim-flake8 1.3-1 (6)
    A flake8 based Python source file checker for Vim
361 aur/vim-flavored-markdown-git 20130715-1 (1)
    Add-on to tpope's markdown.vim to highlight using Github Flavored Markdown
362 aur/vim-fluxkeys 20091101-5 (5)
    Fluxbox fluxkeys syntax highlighting
363 aur/vim-foldutil 3.0-2 (3)
    Utility for creating folds (using specified match criteria)
364 aur/vim-fontsize 0.3.1-1 (0)
    Key mappings for adjusting the font size in gVim
365 aur/vim-foo 2.1.1-3 (3)
    Examples of Vim functions (and a few commands, etc.)
366 aur/vim-fortran 0.3.1-2 (13)
    Additional indentation rules for Fortran 95 and Fortran 90
367 aur/vim-freefem-git 0+5+ge1e8e1c-1 (0)
    Vim syntax for FreeFem++
368 aur/vim-fswitch 0.9.3-1 (0)
    This script is designed to switch between companion files much like vimscript n.31 (a.vim).
369 aur/vim-fugitive-git 1.2.216.g546a6bf-1 (42)
    A git wrapper so awesome, it should be illegal.
370 aur/vim-full 7.4.307-3 (8)
    Vi Improved, a highly configurable, improved version of the vi text editor - with Ruby/Lua/Python/Perl/Netbeans
371 aur/vim-functionator 1.0-1 (0)
    Simple script that shows the name of the current function
372 aur/vim-fuzzyfinder 4.2.2-2 (15)
    Fuzzy/Partial pattern explorer for buffer/file/MRU/command/bookmark/tag/etc
373 aur/vim-gas 0.8-3 (2)
    Updated GAS Asm highlighting
374 aur/vim-gdbmgr 1.0-1 (2)
    GDB (Gnu Debugger) Manager for Vim
375 aur/vim-genutils 2.5-2 (10)
    General utility functions for Vim
376 aur/vim-getscript 29-2 (1)
    Keep your plugins up-to-date! (semi-automatic retrieval)
377 aur/vim-ghcmod-git 20120923-1 (2)
    interactive command execution in vim
378 aur/vim-gist 7.1-1 (2)
    Vim script for gist.github.com
379 aur/vim-git-branch-info 20110112-1 (3)
    A Vim script to return info about the Git branches.
380 aur/vim-gitgutter-git 118.878c342-1 (2)
    A Vim plugin which shows a git diff in the 'gutter'
381 aur/vim-gitv 1.1-2 (2)
    gitk for Vim
382 aur/vim-glsl 1.10.00-2 (6)
    GLSL (OpenGL Shading Language) syntax highlighting for Vim.
383 aur/vim-gnupg 2.5-2 (42)
    Plugin for transparent editing of gpg encrypted files
384 aur/vim-go 20120228-1 (1)
    Vim syntax file for Go language.
385 aur/vim-graywh 1-1 (2)
    My personal colorscheme
386 aur/vim-greputils 2.8-2 (4)
    Interface with grep, find and id-utils (not just another grep wrapper)
387 aur/vim-gtk 3335-1 (15)
    Modified from extra/gvim, compiled with gtk2 ui, without deps on vi/vim, ruby and desktop utils.
388 aur/vim-gtk-hg 5404.92c9748e0ccb-1 (2)
    Modified from extra/gvim, compiled with gtk2 ui, without deps on vi/vim, ruby and desktop utils.
389 aur/vim-gtk-syntax-git 20130811-1 (2)
    Vim syntax highlighting for GLib, Gtk+, Xlib, Gimp, Gnome, and more
390 aur/vim-guifont++ 1.6-1 (0)
     key mappings to quickly make the GUI font larger or smaller
391 aur/vim-gundo 2.5.0-1 (15)
    Vim plugin to visualize your Vim undo tree
392 aur/vim-haml 0.3-2 (7)
    Haml syntax highlight
393 aur/vim-haml-git 20130602-1 (1)
    Vim runtime files for Haml, Sass, and SCSS
394 aur/vim-handlebars-git 20131027-1 (1)
    Vim plugin for Handlebars
395 aur/vim-haskell 1.2.1-1 (18)
     Updated with for in standalone deriving.
396 aur/vim-hemisu-git v3.4.4.g37ea6aa-1 (0)
    A color scheme with dark and light variants, by Noah Frederick.
397 aur/vim-hexhighlight 0.1-1 (5)
    This plugin looks for hex codes and toggles a highlight in that color.
398 aur/vim-hexman 0.7.2-1 (12)
    Simpler Hex viewing and editing
399 aur/vim-hg 7.4-1 (8)
    Vi Improved, a highly configurable, improved version of the vi text editor
400 aur/vim-hicurline 6-1 (2)
    Highlights the current line
401 aur/vim-highlight 1.6-1 (3)
    Highlight lines or patterns of interest in different colors
402 aur/vim-hilinktrace-git 20110221-1 (0)
    Trace Vim syntax highlighting rules
403 aur/vim-hoogle 1.3-3 (5)
    Add commands to use Hoogle within vim
404 aur/vim-html5-git 20130715-1 (16)
    HTML5 omnicomplete and syntax
405 aur/vim-htmlcmd 2.5-1 (4)
    Rich HTML/XML commands
406 aur/vim-htmlhelper 1.0-2 (3)
    Html macros and mappings
407 aur/vim-hudigraphs-git 20131218-1 (0)
    Vim global plugin for heads-up digraph interactions, by Damien Conway
408 aur/vim-hugefile-git 20131027-1 (0)
    Speed up loading of large files
409 aur/vim-hybrid-git 20130726-1 (3)
    A dark colourscheme combining Jellybeans, Solarized and Tomorrow-Night
410 aur/vim-hypergit 0.7-1 (3)
    git plugin for vim (with a git tree menu)
411 aur/vim-idris-git 2.0a2f5b7-1 (2)
    Vim syntax support for the dependently-typed Idris language.
412 aur/vim-ifdef 3.2-1 (3)
    C Preprocessor Highlighting
413 aur/vim-impact 0.2-2 (3)
    a nice dark colorscheme for term/cterm only
414 aur/vim-indent-python 0.3-1 (11)
    vim indent script for python code
415 aur/vim-indentfinder-hg 55_ec4e8baa59b5-1 (0)
    Set vim's indentation scheme to match a newly opened buffer
416 aur/vim-indentguides-git 20110225-1 (5)
    Indent Guides is a plugin for visually displaying indent levels in Vim.
417 aur/vim-indentline-git 20130108-1 (3)
    A vim plugin to display the indent line
418 aur/vim-indexer 4.12-1 (4)
    Auto-generate tags for all files of project(s) and keep tags up-to-date. Autoloads *.vim files from project/.vimprj/ directory. Can work together with vim-project plugin.
419 aur/vim-info 1.7-2 (4)
    GNU info documentation browser
420 aur/vim-inkpot 7.0-2 (6)
    Inkpot, a dark scheme for GUI and 88/256 colour terms
421 aur/vim-inkpot-git 20120720-2 (2)
    Inkpot, a dark scheme for GUI and 88/256 colour terms
422 aur/vim-insertchar 1.0-1 (1)
    Permits inserting single characters with ease
423 aur/vim-inteprete 7.3. ftp://ftp.vim.org/pub/vim/p (1)
    Vim compiled with Perl, Python, Lua, Ruby interprete, and without gui.
424 aur/vim-iptables 1.08-1 (14)
    iptables-save/restore syntax highlighter
425 aur/vim-ipython-git 20110829-1 (5)
    A two-way integration between Vim and IPython 0.11+ 
426 aur/vim-jade-git 20111030-1 (3)
    Vim syntax fiel for jade templating
427 aur/vim-java-getset 1.10-1 (6)
    Automatically add getter/setters for Java properties (including array-based)
428 aur/vim-java_apidoc 3.1.1-1 (5)
    a great color scheme
429 aur/vim-java_checkstyle 0.5-1 (Out of Date) (5)
    Integrates Checkstyle with Vim
430 aur/vim-javabrowser 2.03-1 (7)
    Shows java file class, package in a tree as in IDEs. Java source browser
431 aur/vim-javacomplete 0.77.1.2-1 (32)
    Omni Completion for JAVA
432 aur/vim-javascript 0.1patch2-2 (9)
    This indentation script for OOP javascript (especially for EXTJS)
433 aur/vim-javascript-git 20131127-1 (1)
    Vastly improves Vim's JavaScript indentation
434 aur/vim-javascriptlint 0.2-2 (5)
    Displays JavaScript Lint warnings in the quickfix error window
435 aur/vim-jcommenter 1.3.1-1 (6)
    A script for automatically generating JavaDoc comments
436 aur/vim-jde 2.16.2-4 (Out of Date) (8)
    Vim - Just a Development Envirement (Java/C++)
437 aur/vim-jedi-git 20130106-1 (10)
    Awesome Python autocompletion with VIM
438 aur/vim-jellybeans-git v1.5.26.g0761708-1 (0)
    A colorful, dark color scheme, inspired by ir_black and twilight.
439 aur/vim-jinja-git 20140319-1 (0)
    Adds Jinja2 highlighting support to Vim
440 aur/vim-jp-ctags 0.r792.3424a7c-1 (0)
    Vim-jp fork of ctags.
441 aur/vim-jpformat-git 123-1 (0)
    Format plugin for Vim, which supports Japanese hyphenation.
442 aur/vim-jpythonfold 3.2-6 (6)
    A better python fold script
443 aur/vim-jquery 0.5.2-2 (18)
    Syntax file for jQuery
444 aur/vim-jsl 1.00.003-1 (5)
    Compiler plugin for JavaScript Lint
445 aur/vim-json 0.4-1 (9)
    A syntax highlighting file for JSON
446 aur/vim-json-git 2014.03.13-1 (1)
    Syntax highlighting for JSON, including JSON-specific (non-JS) warnings and quote concealing.
447 aur/vim-junos-git 18.6a65ebc-1 (1)
    Vim syntax highlighting for Junos configuration files
448 aur/vim-justify 1.0-1 (2)
    Simple text justifier inspired by Kartik Murari's format.vim
449 aur/vim-kalt 1.1-1 (3)
    A cold colorscheme.
450 aur/vim-kaltex 1.1-1 (3)
    A colder colorscheme...
451 aur/vim-kelp 1.4-1 (2)
    a vim plugin for kelp, the code annotation framework
452 aur/vim-kivy-git 20130214-1 (2)
    Vim syntax for Kivy language
453 aur/vim-koe-git 1-1 (0)
    Vim plugin to generate docstring and so on
454 aur/vim-kolor 1.4.1-1 (7)
    Vim color scheme with high text readability and optimal visibility of every element.
455 aur/vim-l9 1.1-2 (18)
    A Vim-script library, which provides some utility functions and commands for programming in Vim.
456 aur/vim-languagetool 1.28-1 (19)
    Grammar checker for English, French, German (etc.) in Vim
457 aur/vim-largefile 4-3 (8)
    A vim plugin to work with large files
458 aur/vim-latex-box 0.9.5-1 (2)
    Lightweight Toolbox for LaTeX
459 aur/vim-latex-box-git 339.617027b-2 (0)
    Lightweight Toolbox for LaTeX
460 aur/vim-latex-support 1.0-2 (1)
    Latex-IDE, menu support the latex programming
461 aur/vim-latexsuite-git 20130127.789-1 (216)
    Provides a comprehensive set of tools to view, edit, and compile LaTeX documents within Vim. Also provides macros to speed up the creation of LaTeX documents.
462 aur/vim-less-git 20120305-1 (4)
    This vim bundle adds syntax highlighting, indenting and autocomplete for the dynamic stylesheet language LESS
463 aur/vim-lettuce 1.2-2 (2)
    highly detalized dark scheme for gui and 256 color terminal
464 aur/vim-lexer-lsdyna 20051221-1 (0)
    vim syntax highlighting definitions for LS-DYNA keyword files
465 aur/vim-liblist 0.1-2 (2)
    Library of functions to work with lists/arrays
466 aur/vim-light 7.4.314-1 (0)
    Vi Improved, a highly configurable, improved version of the vi text editor (minimal install)
467 aur/vim-lightline-git 20140206-1 (3)
    A light and configurable statusline/tabline for Vim (like Powerline)
468 aur/vim-lighttpd 1.16-1 (14)
    syntax highlighting for lighttpd config files
469 aur/vim-limp 0.3.4-4 (14)
    Lisp IDE
470 aur/vim-lint-git 20130427-1 (1)
    Vim + JSHint + CSSLint + V8
471 aur/vim-linuxsty 0.2-1 (1)
    Vim plugin to respect the Linux kernel coding style
472 aur/vim-live-latex-preview 0.9-1 (24)
    Vim plugin and helper scripts to provide a live-updating PDF preview of LaTeX documents with MuPDF
473 aur/vim-lookupfile 1.8-2 (6)
    Lookup files using Vim7 ins-completion
474 aur/vim-ls-git 20130726-1 (0)
    LiveScript support for Vim
475 aur/vim-lua-ftplugin-git 20130831-1 (0)
    Lua file type plug-in for the Vim text editor
476 aur/vim-lua-inspect-git 20130819-1 (0)
    Semantic highlighting for Lua in Vim
477 aur/vim-lua-support 1.1-4 (13)
    Lua-IDE -- Write and run Lua-scripts using menus and hotkeys
478 aur/vim-lustyexplorer 4.3-2 (7)
    Dynamic filesystem and buffer explorer.
479 aur/vim-lustyjuggler 1.5.1-1 (2)
    A high speed buffer juggler. Having to consciously think about which buffer you need to switch to sucks, so use this instead.
480 aur/vim-mako 0.6.1-3 (3)
    Adds support for the mako python template engine to vim.
481 aur/vim-manpageview 25m-1 (13)
    Viewer for manpages, gnu info,  perldoc, and php (unix/linux/cygwin)
482 aur/vim-mark 2.8.3-1 (0)
    Highlight several words in different colors simultaneously.
483 aur/vim-markbrowser 0.9-2 (3)
    A graphical marks browser
484 aur/vim-markdown 20121202-1 (60)
    Syntax highlighting and matching rules for Markdown.
485 aur/vim-matchit 1.13.2-1 (16)
    The matchit.vim script allows you to configure % to match more than just single characters
486 aur/vim-matchtag-git 22.6dfdab1-1 (1)
    Vim's MatchParen for HTML and XML tags
487 aur/vim-mathml 1.1-2 (6)
    MathML syntax highlighting for VIM 
488 aur/vim-matlab 1-1 (6)
    Edit Matlab M-files in Vim editor (indentation, syntax highlighting, tags , mlint support)
489 aur/vim-matrix 1.10-1 (3)
    matrix screensaver for vim
490 aur/vim-mediawiki 20110919-2 (1)
    Vim support for MediaWiki markup used on Wikipedia
491 aur/vim-mines 20-1 (2)
    Play Mines with vim
492 aur/vim-minscm 0.6.0-3 (7)
    An abstract front-end for Mercurial/Git/Bazaar
493 aur/vim-mips 1.0.1-3 (4)
    MIPS syntax highlighting for vim
494 aur/vim-misc-xolox 1.8.5-1 (10)
    Miscellaneous auto-load Vim scripts
495 aur/vim-misc-xolox-git 578ee2e-1 (1)
    Miscellaneous auto-load Vim scripts
496 aur/vim-mix-git 20130516-1 (2)
    Vim plugin for using Elixir's build tool, mix
497 aur/vim-mojo-git 20140206-1 (0)
    Vim syntax for mojo epl templates in Mojolicious projects
498 aur/vim-molokai 1.1-3 (25)
    Port of the monokai colorscheme for TextMate
499 aur/vim-molokai-git 0.r34.6255227-1 (6)
    Port of the TextMate's monokai colorscheme for Vim.
500 aur/vim-moonscript-git 20131204-1 (1)
    MoonScript support for Vim
501 aur/vim-motif 7.3.661-1 (0)
    Improved version of the vi text editor
502 aur/vim-mpsub 1.0-1 (1)
    Syntax highlighting for subtitle files in Mplayer (mpsub) format
503 aur/vim-mrpink 1-1 (2)
    Dark not black colorscheme
504 aur/vim-mru 3.5-1 (12)
    Plugin to manage Most Recently Used (MRU) files
505 aur/vim-multiple-cursors-git 20130105-1 (8)
    True Sublime Text style multiple selections for Vim
506 aur/vim-multiplesearch 1.3-2 (5)
    Highlight multiple searches at the same time, each with a different color
507 aur/vim-multvals 3.10-1 (4)
    Array library for Vim
508 aur/vim-mustache-git 20131025-1 (1)
    Vim syntax file for Mustache and Handlebars
509 aur/vim-narrow 0.2.1-1 (0)
    Vim plugin to emulate Emacs' narrowing feature
510 aur/vim-nature 0.3-1 (Out of Date) (2)
    folding support for MediaWiki-style syntax
511 aur/vim-neco-ghc 20111225-1 (3)
    GHC support for Ultimate auto completion system for Vim
512 aur/vim-neocomplcache 8.0-2 (23)
    Ultimate auto completion system for Vim
513 aur/vim-neocomplcache-git 20100820-1 (3)
    Ultimate auto-completion system for Vim
514 aur/vim-neocomplete-git 20131224-1 (2)
    Improved auto-completion system for Vim
515 aur/vim-nerdcommenter 2.3.0-2 (11)
    A plugin that allows for easy commenting of code for many filetypes
516 aur/vim-nerdcommenter-git 2.2.2_138_g0b3d928-1 (0)
    A plugin that allows for easy commenting of code for many filetypes
517 aur/vim-nerdtree-git 4.2.0.112.gb0bb781-1 (2)
    A tree explorer plugin for vim
518 aur/vim-neverland-git 20100829-1 (6)
    Dark, simple and colorful colorschemes with 256 colors
519 aur/vim-nextcs 0.0.1-1 (3)
    Change your color scheme easily
520 aur/vim-nginx 2:1.6.0-1 (36)
    Nginx syntax highlight for vim
521 aur/vim-nimrod-git 20131210-1 (1)
    Nimrod language support for Vim
522 aur/vim-nodejs-errorformat-git 20130328-1 (1)
    A simple Vim plugin that allows you to execute any opened node.js file with :make and provides errorformat settings that allow you to quickly jump to any file / line numbers referenced in a stack trace
523 aur/vim-nodejs-git 20120119-1 (1)
    Node.js shebang file type detect plugin for Vim
524 aur/vim-notes 0.23.4-1 (7)
    Easy note taking in Vim 
525 aur/vim-notes-git 0.23.4-1 (1)
    Easy note taking in Vim 
526 aur/vim-nqc 3.1-2 (1)
    programming support (for the LEGO MINDSTORMS RCX-Controller)
527 aur/vim-nrrwrgn 0.29-1 (Out of Date) (0)
    A Narrow Region Plugin (similar to Emacs)
528 aur/vim-nrrwrgn-git r262.558a19a-1 (0)
    A Narrow Region plugin for Vim
529 aur/vim-nucolors 1.0-1 (2)
    A colorful dark scheme with bright pastel colors 
530 aur/vim-numbered-git 20120719-1 (0)
    Vim plugin for numbering items in a list
531 aur/vim-numbertoggle-git 20120210-1 (1)
    Toggles between relative and absolute line numbers automatically
532 aur/vim-obsession-git 20130325-1 (0)
    tpope's session creation plugin.
533 aur/vim-obviousmode 1.22-1 (3)
    Indicate current mode visually
534 aur/vim-omlet 0.13-1 (13)
    Much better OCaml indentation, and more
535 aur/vim-omnicppcomplete-stl 0.9-2 (7)
    std C++ (STL, streams, ...) tags for vim omnicppcomplete.
536 aur/vim-opa-git 20121125-1 (0)
    A set of Opa plug-ins for VIM
537 aur/vim-openbrowser 0.0.7-1 (0)
    Open URI with your favorite browser from vim
538 aur/vim-opencl 1.1-1 (Out of Date) (3)
    vim syntax file for OpenCL 1.1
539 aur/vim-openssl 3.2-4 (6)
    Edit OpenSSL encrypted files and turn Vim into a password safe
540 aur/vim-operator-user-git 20140312-1 (0)
    Define your own operator easily
541 aur/vim-opsplorer 1.2-1 (2)
    tree file explorer
542 aur/vim-org-mode 0.4.1-1 (1)
    Text outlining and task management for Vim based on Emacs' Org Mode
543 aur/vim-oz 0.0.0-2 (1)
    Oz syntax highlighting and formatting for Vim
544 aur/vim-pacmanlog-git 20130928-1 (1)
    Vim syntax highlighting for Pacman log files
545 aur/vim-pandoc-git 1363054733-1 (5)
    plugin for writing and editing documents in Pandoc's extended markdown
546 aur/vim-papyrus 1-1 (0)
    Vim syntax highlighting for the Papyrus scripting language used in TES5: Skyrim
547 aur/vim-paredit 0.9.9-1 (0)
    Provide Emacs like Paredit Mode: Structured Editing of Lisp S-expressions 
548 aur/vim-paster 1.2-2 (17)
    VIM plugin to paste to any pastebin service
549 aur/vim-pathogen 2.2-2 (96)
    A vim plugin for managing your runtimepath
550 aur/vim-pathogen-git 2.2.8_g1270dce-1 (15)
    A vim plugin for managing your runtimepath
551 aur/vim-pbasic 1.2-1 (2)
    syntax file for PBASIC 2.5; should work with older versions as well
552 aur/vim-peaksea 3.5-2 (9)
    Refined color, contains both gui and cterm256 for dark and light background
553 aur/vim-pep8 0.3.1-1 (18)
    A PEP 8 Python source file checker for Vim
554 aur/vim-perl 0.11-3 (16)
    improved perl syntax highlighting
555 aur/vim-perl-completion 2.4.2-2 (13)
    This perl omni completion support basic Moose syntax, variable name (array. hash .. ) completion, class method, object method completion, etc.
556 aur/vim-perl-support 5.3.1-1 (12)
    Perl-IDE offers easiest way to do all of the above, saving lot of time and keystrokes.
557 aur/vim-perldoc 1.1.1-1 (9)
    perldoc command from vim
558 aur/vim-perlomni-git 2.5-2 (0)
    perl omnicompletion for vim (including base class function compleltions .. etc)
559 aur/vim-pf 1.3-1 (5)
    OpenBSD pf.conf (packet filter configuration)
560 aur/vim-php-doc 1.0.1-6 (8)
    Provides really comfortable generation of phpDocumentor doc blocks for PHP4 & 5
561 aur/vim-php-git 20110124-1 (1)
    Vim PHP language features
562 aur/vim-phpcomplete 1.3.3-1 (13)
    Omni completition for PHP
563 aur/vim-phpcomplete-git 20130225-2 (1)
    Enhanced omni complete for PHP (git version)
564 aur/vim-phperrormarker 0.0.6-2 (9)
    Mark syntax errors in php file
565 aur/vim-phpfolding 1.8.0-2 (5)
    PHP folding plugin for vim written by Ray Burgemeestre
566 aur/vim-pipe2eval-git 20131217-1 (1)
    Simple REPL inside Vim
567 aur/vim-plugins-doc-zh 20120209-1 (1)
    This package contains multiple Chinese vim plugin documents translated by vimcn and others.
568 aur/vim-plumbing 1.2-1 (3)
    Syntax highlighting for Plan 9 plumbing files
569 aur/vim-po 1.2-2 (11)
    ftplugin for easier editing of GNU gettext PO files
570 aur/vim-po-fork 1.1-1 (0)
    Enhanced ftplugin for easier editing of GNU gettext PO files
571 aur/vim-potwiki 1.25-1 (3)
    Maintain a Wiki of plain text files
572 aur/vim-proj 1.5.1-1 (3)
    Simple project tool
573 aur/vim-protodef 0.9.5-3 (2)
    Tool to help create skeleton implementations of C++ function prototypes.
574 aur/vim-puppet 20120216-2 (5)
    vim syntax for puppet
575 aur/vim-pydiction 1.2.1-2 (68)
    Allows you to auto-complete your Python code
576 aur/vim-pydoc 2.0-1 (32)
    Search and view python documentation from within vim (uses pydoc)
577 aur/vim-pyflakes 3.01-2 (41)
    Vim plugin which highlights common Python errors like misspelling a variable name on the fly.
578 aur/vim-pylint 0.5-1 (27)
    Compiler plugin for python style checking tool
579 aur/vim-pylint-git 20120120-1 (4)
    Compiler plugin for Python style checking tool
580 aur/vim-python 3.3.6-1 (48)
    Enhanced version of the python syntax highlighting script
581 aur/vim-python-mode 0.7.8b.r44.gb92c982-1 (8)
    vim plugin that helps you to create python code very quickly by utilizing libraries including pylint, rope, pydoc, pyflakes, pep8, and mccabe for features like static analysis, refactoring, folding, completion, documentation, and more
582 aur/vim-python-mode-git 20121217-1 (5)
    Python-mode is a vim plugin that allows you to use the pylint, rope, pydoc library in vim to provide features like python code looking for bugs, refactoring and some other useful things.
583 aur/vim-python2 7.4.307-4 (14)
    Vi Improved, a highly configurable, improved version of the vi text editor (Compiled with Python 2).
584 aur/vim-python2-hg 7.4.281-1 (1)
    Vi Improved, a highly configurable, improved version of the vi text editor. Compiled with python2 support.
585 aur/vim-python_fn 1.13-2 (5)
    A set of menus/shortcuts to work with Python files 
586 aur/vim-python_ifold 2.9-3 (8)
    Improved version of python_fold. Uses folding expression for python code
587 aur/vim-pythonhelper 0.83-4 (24)
    Displays Python class, method or function the cursor is in on the status line
588 aur/vim-pyx 7.4.86-1 (0)
    Console-only vim with python3 and x11 support
589 aur/vim-qbuf 1.12-2 (3)
    Very small, clean but quick and powerful buffer manager!
590 aur/vim-qmake 0.1-1 (2)
    Vim syntax highlighting for qmake project files
591 aur/vim-qml-git 12.782d8d1-1 (2)
    QML syntax highlighting for Vim
592 aur/vim-qt 0.4-1 (16)
    Tiny tool for the uic used in Qt from Trolltech
593 aur/vim-qt-git 20130302-1 (41)
    A Qt powered vim GUI
594 aur/vim-quickfonts 1.29-3 (3)
    Quickly switch between a list of favorite fonts, manage list of favorite fonts
595 aur/vim-quickrun 0.6.0-1 (0)
    Run a command and show its result quickly.
596 aur/vim-r 0.9.9.7-3 (10)
    This plugin improves Vim's support for editing R code
597 aur/vim-r_omni 0.1-1 (3)
    Auto completes R identifiers from the current file and the included libraries
598 aur/vim-racket-git 20140208-1 (2)
    Vim bundle for Racket
599 aur/vim-ragtag 2.0-1 (9)
    A set of mappings for HTML, XML, PHP, ASP, eRuby, JSP, and more (formerly allml.)
600 aur/vim-railscasts 1.1-2 (12)
    railscasts color theme that works in 256color terminals as well as gui
601 aur/vim-rainbow 2.51-1 (0)
    Help you read complex code by showing diff level of parentheses in diff color
602 aur/vim-rainbow-parentheses-git 20130304-1 (1)
    Better Rainbow Parentheses
603 aur/vim-rbenv-git 20131118-1 (1)
    Minimal rbenv support in Vim
604 aur/vim-refactor 1.03-3 (5)
    C/C++ refactoring tool
605 aur/vim-regreplop 1.1-1 (2)
    operator to replace motion/visual with a register
606 aur/vim-rename2 0.1-1 (4)
    Remake of the origional Rename plugin
607 aur/vim-renamer 1.4-1 (19)
    Use the power of vim to rename groups of files
608 aur/vim-repeat 1.1-2 (10)
    Use the repeat command (.) with supported plugins
609 aur/vim-repl-git 20131113-1 (1)
    Minimalistic REPL plugin for Vim
610 aur/vim-reporoot-git 20130226-1 (0)
    Change the directory to the root of the source code repository
611 aur/vim-repress 2.1.5-2 (1)
    VIM plugin for managing wordpress blogs
612 aur/vim-riv 0.73-1 (4)
    reStructuredText in vim.
613 aur/vim-roy-git 12.b418529-1 (0)
    Vim syntax support for the functional compile-to-js language Roy
614 aur/vim-rst-tables-git 1:32.72bb0d5-1 (3)
    Easily create and reformat your RST (reStructuredText) tables as you change cell content.
615 aur/vim-ruby-git 654.f4c550e-1 (9)
    Vim configuration files for Ruby (git version)
616 aur/vim-ruby-matchit 0.1-1 (3)
    Matchit for Ruby, inspired by 'matchit.vim' that comes with Vim
617 aur/vim-runscript 1.1-1 (8)
    Plugin for running Python scripts
618 aur/vim-scala 20130501-1 (4)
    Vim support files for the Scala programming language, from raw GitHub, download only config files not all git-repo
619 aur/vim-scala-git 20140107-1 (22)
    Vim support files for the Scala programming language, from the official Scala Github repository
620 aur/vim-sco 4.02-5 (19)
    Browse source code easily with cscope, ctags and marks system
621 aur/vim-screen 0.8-1 (11)
    Start gnu screen w/ your vim session and a split shell + send commands to the sh.
622 aur/vim-scripts-haskellmode 20101118-1 (14)
    Collection of plugins to aid Haskell programming in Vim.
623 aur/vim-scripts-mgr 0.3.4-2 (14)
    vim script manager
624 aur/vim-scrollcolors 20060719-1 (16)
    This is colorscheme Scroller/Chooser/Browser. With this plugin, you walk through installed colorschemes using arrow keys.
625 aur/vim-searchparty-git 20140327-1 (0)
    Extended search commands and maps for Vim
626 aur/vim-securemodelines 20080424-2 (2)
    Secure, user-configurable modeline support
627 aur/vim-securemodelines-git 20111103-1 (1)
    A secure alternative to Vim modelines. Latest git version
628 aur/vim-seek-git 20131002-1 (1)
    Seek makes navigating long lines effortless, acting like f but taking two characters
629 aur/vim-selectbuf 4.3-2 (3)
    A fast and extensible buffer explorer
630 aur/vim-session 2.4.9-1 (2)
    Extended session management for Vim (:mksession on steroids)
631 aur/vim-set_utf8 1.01-1 (2)
    Switching to Unicode in an orderly manner
632 aur/vim-setget 0.1-1 (4)
    setter and getter for php
633 aur/vim-shareboard-git 20130204-2 (0)
    Shareboard.vim is HTML preview software for vim
634 aur/vim-shell_it 1.0-1 (4)
    easy shell
635 aur/vim-showmarks 2.2-2 (8)
    Visually shows the location of marks.
636 aur/vim-showpairs 2.1-1 (7)
    Highlights the matching pair surrounding the current cursor location
637 aur/vim-signdiff 0.0.2-1 (4)
    show the diff status at left sidebar
638 aur/vim-signify 1.9-1 (1)
    Show diff information in Vim's sign column
639 aur/vim-skeleton 0.0.3.0.g7309644-1 (0)
    Vim plugin: Skeleton for newly created buffers
640 aur/vim-skittles_dark 1.1-2 (4)
    Dark, colorful scheme
641 aur/vim-slim-git 20130111-1 (3)
    Slim template language syntax support for Vim.
642 aur/vim-slimv 0.9.10-1 (31)
    Lisp and Clojure REPL inside Vim with profiling and Hyperspec lookup, like SLIME
643 aur/vim-sokoban 1.3-1 (2)
    Sokoban Game for Vim!
644 aur/vim-spamassassin 3.2-1 (7)
    Syntax highlighting for SpamAssassin config files
645 aur/vim-spell-kk 20100906-1 (0)
    Kazakh dictionary for Vim spell checking
646 aur/vim-spell-pt-vero 20131030-1 (9)
    VIM spellchecker files for pt using Vero from BrOffice.org.
647 aur/vim-spellchecker 2.2.2-2 (22)
    Spell check text including LaTeX documents
648 aur/vim-spring 1.0-2 (5)
    Make your VIM bright with colors, and avoid the eyestrain
649 aur/vim-sql_iabbr 1.5-2 (2)
    Makes all your favorite SQL keywords uppercase automatically
650 aur/vim-sqlutil 7.00-1 (4)
    Formatting, generate - columns lists, procedures for databases
651 aur/vim-squirrel 0.2-1 (1)
    Squirrel Language syntax file
652 aur/vim-srcexpl 4.3-1 (21)
    A Source code Explorer based on tags works like context window in Source Insight
653 aur/vim-srt 1.0-1 (2)
    Syntax highlighting for subtitle files in Subrip (srt) format
654 aur/vim-startify 1.6-1 (0)
    A fancy start screen for Vim.
655 aur/vim-stl 0.1-4 (10)
    Improved C++ STL syntax highlighting
656 aur/vim-stlrefvim 1.0-2 (1)
    A C++ Standard Template Library reference manual for vim.
657 aur/vim-stripped 7.3.260-1 (1)
    A bleeding edge version of vim, stripped down from extras, languages and useless deps.
658 aur/vim-stylus-git 20130915-1 (1)
    Stylus syntax highlighting for Vim
659 aur/vim-sub 1.0-1 (1)
    Syntax highlighting for subtitle files in MicroDVD (sub) format
660 aur/vim-submode-git 20140216-1 (0)
    Create your own submodes
661 aur/vim-sudo 2.0-5 (68)
    Adding the ability to read and write one file with root privileges without running vim as root (:w sudo:/etc/rc.conf)
662 aur/vim-sudoedit 0.19-1 (6)
    Edit Files using sudo or su or any other tool
663 aur/vim-supercat 1.1-1 (2)
    Syntax for supercat configuration files
664 aur/vim-svg 1.2-1 (6)
    SVG syntax file for VIM
665 aur/vim-swapit 0.3-1 (3)
    Extensible keyword swapper (turn yes to no, True to False and more)
666 aur/vim-synabbrev 0.1unix-1 (2)
    Abbreviations that only happen outside comments
667 aur/vim-syntastic 3.4.0-2 (12)
    Vim automatic syntax checking
668 aur/vim-syntastic-async-git 20120813-1 (1)
    Syntax checking hacks for vim
669 aur/vim-syntastic-git 3.1.0_129_g14cb306-5 (32)
    Syntax checking hacks for vim
670 aur/vim-syntax-haskell 1.4-3 (7)
    Improvements on Vim's default \"haskell.vim\" syntax file
671 aur/vim-syntaxrange-git 20131128-1 (1)
    Define a different filetype syntax on regions of a Vim buffer
672 aur/vim-syslog 1.1-2 (4)
    Adds syntax color to log files created by sysklogd
673 aur/vim-systemverilog-git r12.ac744cf-1 (0)
    SystemVerilog support for vim
674 aur/vim-tabbar 0.7-1 (11)
    Plugin to add tab bar ( derived from miniBufExplorer)
675 aur/vim-taboo-git 84.e2f1ea3-1 (1)
    Simple plugin for easily customize and rename tabs in vim
676 aur/vim-tabular-git 20120504-2 (1)
    Vim script for text filtering and alignment
677 aur/vim-tagbar 2.6.1-1 (28)
    Vim plugin that displays tags in a window, ordered by class etc.
678 aur/vim-taglisttoo-git 20140322-1 (1)
    TaglistToo is very similar to the very popular taglist.vim written by Yegappan Lakshmanan, but with a focus on being extensible and customizable.
679 aur/vim-tagsbase 0.9.2-4 (4)
    Creates a menu of tags (functions, fields...) keep track of the current function
680 aur/vim-tango-morning 0.3-1 (3)
    Light Grey Tango color theme based on Morning
681 aur/vim-task-org-git 20110909-2 (2)
    Manipulate your TODO/FIXME/etc marks (tasks) in sources.
682 aur/vim-tasklist 1.0.1-7 (24)
    Eclipse like task list
683 aur/vim-taskpaper 0.4-3 (Out of Date) (2)
    TaskPaper to-do list format support
684 aur/vim-tcalc 0.11-2 (2)
    A small ruby-based RPN-calculator
685 aur/vim-tcomment 3.03-1 (2)
    An extensible & universal comment plugin that also handles embedded filetypes.
686 aur/vim-template 0.3.0-1 (2)
    A Vim plugin to read the template file automatically when the edit of the file is newly started
687 aur/vim-tern 0.4.0-1 (0)
    Tern plugin for Vim
688 aur/vim-tetris 0.52fix-5 (5)
    A tetris game in pure vim
689 aur/vim-tex-pdf 1.41-1 (0)
    Vim plugin for lightweight TeX compilation
690 aur/vim-tex_alt-git 20121225-1 (0)
    Lightweight alternative support for TeX in Vim
691 aur/vim-tex_nine 1.3.7-1 (2)
    A semi-automatic LaTeX ftplugin with lots of firepower
692 aur/vim-textile 0.3-5 (0)
    syntax highlighting and Textile rendering/preview support
693 aur/vim-textobj-rubyblock 0.0.2-1 (1)
    Select blocks of ruby code using 'var'
694 aur/vim-textobj-user 0.3.9-1 (1)
    a Vim plugin to support writing user-defined text objects.
695 aur/vim-textobj-user-git 20140414-1 (0)
    Create your own text objects
696 aur/vim-thrift 0.9.0-1 (1)
    VIm syntax files for highlighting Thrift
697 aur/vim-tiddlywiki 1-1 (4)
    TiddlyWiki syntax file
698 aur/vim-tiger 0.1-1 (0)
    vim plugins for tiger language
699 aur/vim-timestamp 1.21-3 (1)
    A Vim plugin for automated time stamping
700 aur/vim-tlib 1.04-2 (5)
    Utility functions for VIM plugins
701 aur/vim-tmux-navigator-git 20140207-1 (0)
    Seamless navigation between tmux panes and Vim splits
702 aur/vim-toggle 0.5-1 (0)
    Toggles between values: on/off, true/false, yes/no, define/undef, +/-, >/<, &&/||, &/| and positive and negative numbers by pressing <C-T> or +
703 aur/vim-togglelist-git 1-1 (0)
    A simple plugin for vim that allows you to bind a key to toggle the Location List and the Quickfix List.
704 aur/vim-togglemouse 1.0-1 (1)
    Toggles the mouse focus between Vim and your terminal emulator, allowing terminal emulator mouse commands, like copy/paste.
705 aur/vim-tomorrow-theme-git v1.0.r20.g5d66e71-1 (3)
    Tomorrow Theme for Vim
706 aur/vim-trac 0.3.6-2 (5)
    A vim client for the Trac wiki and ticketing system
707 aur/vim-trailing-whitespace 1.0.r4.g4234770-1 (0)
    Vim plugin: Highlights trailing whitespace in red and provides :FixWhitespace to fix it.
708 aur/vim-trinity 1.5-6 (17)
    Build the trinity of srcexpl, taglist, NERD_tree to be a good IDE
709 aur/vim-tskeleton 4.13-2 (3)
    File Templates and Code Skeletons/Snippets
710 aur/vim-ttcoach 1.2-2 (11)
    Utility to train touch typing skills
711 aur/vim-tutticolori 1.0-1 (2)
    A port of the Tutti Colori theme from the Espresso editor
712 aur/vim-tvo 122-7 (8)
    The Vim Outliner - one of many
713 aur/vim-twig-git 20140322-1 (4)
    Supports Twig templates for vim
714 aur/vim-txtbrowser 1.3.5-2 (1)
    A plain text browser plugin for Vim.
715 aur/vim-undotree 4.3-1 (1)
    Display your undo history in a graph.
716 aur/vim-unicode 0.17-1 (0)
    Enable an easier use of any Unicode glyph
717 aur/vim-unicode-haskell-git 20120909-1 (1)
    Plugin adding unicode cuteness to vim-haskell. Git version.
718 aur/vim-unimpaired-git 20130811-1 (3)
    Complementary pairs of mappings for various common operations.
719 aur/vim-unite 6.0-1 (1)
    Unite and create user interfaces
720 aur/vim-unite-gtags 20140521-1 (1)
    Unite source for GNU global
721 aur/vim-unite-outline 20140527-1 (1)
    Unite source for outlines
722 aur/vim-unite-ssh 1.0-1 (1)
    Unite source for ssh
723 aur/vim-unstack-git 20140202-1 (1)
    Vim plugin for parsing stack traces and opening the files
724 aur/vim-up2picasaweb 0.1-1 (8)
     upload image to picasaweb with vim
725 aur/vim-uptime 1.3-2 (4)
    Display Vim uptimes
726 aur/vim-vala 0.1-3 (7)
    Support for vala language
727 aur/vim-vbookmark 0.3.0-1 (0)
    A bookmark plugin
728 aur/vim-vc 1.0-1 (4)
    A color scheme resembling the MS Visual C++ IDE
729 aur/vim-vcsnursery 4-1 (Out of Date) (6)
    This package contains additional backends (Mercurial and sccs currently) for vim-vcscommand
730 aur/vim-vdebug 1.4.1-1 (0)
    Multi-language DBGP debugger client for Vim
731 aur/vim-verilog_systemverilog 1.2-2 (3)
    Extending Verilog syntax highlighting for SystemVerilog
732 aur/vim-vibrantink 1.3-4 (7)
    A Vim port of Justin Palmer's VibrantInk theme for TextMate
733 aur/vim-viki 3.19-1 (6)
    A personal wiki for Vim
734 aur/vim-vilisp 2.3-1 (4)
    Send Lisp code to a running Lisp interpreter
735 aur/vim-vim-support 2.2-1 (19)
    'Vim-IDE implements a vim script IDE with hotkeys and snippets from the same author of
736 aur/vim-vimfiler 4.0-1 (1)
    Powerful file explorer in vim script
737 aur/vim-vimoutliner 0.3.4-4 (17)
    Vim Outliner - one of many
738 aur/vim-vimoutliner-git 20140307-1 (0)
    Vim Outline processor
739 aur/vim-vimprj 1.06-1 (1)
    Plugin for managing options for different projects.
740 aur/vim-vimproc 7.1-1 (2)
    Interactive command execution in vim
741 aur/vim-vimproc-git 20120329-1 (1)
    interactive command execution in vim
742 aur/vim-vimsh-git 20101017-1 (0)
    Terminal/Shell buffer script for Python-enabled [g]Vim
743 aur/vim-vimshell-git 20120531-2 (0)
    powerful shell implemented by vim
744 aur/vim-vimwiki 2.1-1 (38)
    Personal Wiki for Vim
745 aur/vim-vimwiki-git v2.1.0.g5faf884-2 (4)
    Personal Wiki for Vim
746 aur/vim-vimwiki1 1.2-1 (0)
    Personal Wiki for Vim
747 aur/vim-virtualenv 0.2-1 (0)
    Work with python virtualenvs in vim
748 aur/vim-vis-git 20130426-2 (0)
    Extended Vim visual mode commands, substitutes, and searches
749 aur/vim-visincr 20-1 (4)
    Produce increasing/decreasing columns of numbers, dates, or daynames
750 aur/vim-visual-star-search-git 20101017-1 (1)
    Start a search from a visual block in Vim
751 aur/vim-visual_studio 1.2-1 (3)
    Vim and Microsoft Visual Studio .NET integration
752 aur/vim-vjde 2.6.18-4 (4)
    Just a Development Environment for VIM
753 aur/vim-vmath-git 20131218-1 (0)
    Vim global plugin for math on visual regions, by Damien Conway
754 aur/vim-voof 4.0b5-1 (5)
    VOoM (Vim Outliner of Markers) is a plugin for Vim that emulates a two-pane text outliner.
755 aur/vim-voom 5.0-1 (9)
    VOoM - Vim two-pane outliner. Support mediawiki,rest,markdown,...
756 aur/vim-vtreeexplorer 1.28-3 (3)
    Tree based file explorer - the original
757 aur/vim-webapi 0.1.32.gf1f8177-2 (2)
    Vim Interface to Web API
758 aur/vim-winmanager 2.3-3 (12)
    A window-manager plugin for Vim 7.2
759 aur/vim-wombat 2.0-2 (5)
    Two versions of the 256-color Wombat scheme for vim
760 aur/vim-wp 0.1-1 (4)
    folding support for MediaWiki-style syntax
761 aur/vim-x 7.4.274-1 (9)
    Vi Improved, a highly configurable, improved version of the vi text editor. Compiled with --with-x=yes
762 aur/vim-x-py 7.3.401-2 (1)
    Vi Improved, a highly configurable, improved version of the vi text editor. With X and pyton2 support.
763 aur/vim-xft-hg 7.3-20120124 (0)
    Improved version of the vi text editor with XFT font support
764 aur/vim-xhtml 1.2-1 (Out of Date) (5)
    XHTML syntax highlighting for VIM
765 aur/vim-xmledit 1.9.1-1 (20)
    A filetype plugin to help edit XML, HTML, and SGML documents
766 aur/vim-xoria256 1.5-1 (22)
    Finely tuned soft gamma, 256 colors, dark background, gvim == vim
767 aur/vim-xpt 0.4.8.1313-1 (3)
    XP's Snippet Template engine for vim
768 aur/vim-yankring 18.0-1 (16)
    Maintains a history of previous yanks, changes and deletes.
769 aur/vim-ycm-patch 7.4-1 (0)
    Vim with patch to remove annoying \"Pattern not found\" message when using YouCompleteMe plugin.
770 aur/vim-youcompleteme-git 1248.feedc29-2 (51)
    A code-completion engine for Vim
771 aur/vim-ywvim 1.17-1 (2)
    Yet another input method(IM) for VIM, supports all modes
772 aur/vim-zencoding 0.80-1 (10)
    vim plugins for HTML and CSS hi-speed coding
773 aur/vim-zencoding-git 20110510-1 (7)
    vim plugins for HTML and CSS hi-speed coding
774 aur/vim-zoomwin 25i-1 (2)
    Zoom in/out  of windows (toggle between one window and multi-window)
775 aur/vim3d-git 0.0-1 (0)
    vi-style interface to 3D modeling and simulation built in C++ and OpenGL
776 aur/vim73 7.3-1 (2)
    Vim Text Editor
777 aur/vim73-hg 2571-1 (1)
    Vi Improved, BETA VERSION
778 aur/vim74 7.4a.44-1 (0)
    Vim 7.4 beta (mercurial) with python, ruby and X11 support
779 aur/vim_bridge-git 20101206-1 (3)
    A Python-to-Vim bridge decorator to call Python functions in Vim scripts.
780 aur/vimacs 0.95-1 (1)
    Vim-improved eMACS brings Emacs's key bindings and modeless editing to Vim, while retaining Vim's moded editing style
781 aur/vimana-git 20110103-1 (0)
    Easy searching,installing and downloading vim script.
782 aur/vimb 2.4-2 (0)
    Vimb is a WebKit-based web browser
783 aur/vimb-git 20130702-1 (5)
    Vimb is a WebKit-based web browser
784 aur/vimball 33-1 (0)
    Facilitates creating, extracting, and listing the contents of "vimball" archives (*.vba)
785 aur/vimcdoc-svn HEAD-1 (14)
    the vim Chinese document
786 aur/vimchant 1.1-1 (1)
    Fast on-the-fly spell-checker based on Enchant for vim
787 aur/vimchat 0.142-2 (1)
    Instant messaging plugin for VIM
788 aur/vimclojure 2.3.6-1 (18)
    vim plugin for Clojure with repl in a buffer, omni completion, docstring lookup
789 aur/vimcommander 80-1 (16)
    Totalcommander-like two-panel tree file explorer for vim
790 aur/vimeo-dl 0.0.7-1 (30)
    A commandline tool to download videos from vimeo.com
791 aur/vimeo-dl-git 20130209-1 (9)
    A command line script to download vimeo videos
792 aur/vimeo-uploader 0.1-2 (0)
    Vimeo Desktop Uploader
793 aur/vimerl-git 20131002-1 (0)
    The Erlang plugin for Vim
794 aur/vimgdb 7.2.245-2 (12)
    Vi Improved, a highly configurable, improved version of the vi text editor, with gdb support
795 aur/vimgolf 0.4.5-1 (5)
    Cli application to test your vim ninja skills
796 aur/vimgolf-git 1:0.4.5.0.gd3f3f56-1 (2)
    Cli application to test your vim ninja skills
797 aur/vimim 0.9.6-1 (4)
    The VimIM is a Vim plugin designed as an independent IM (Input Method) to support the input of any language
798 aur/vimirc 0.9.28-1 (9)
    An IRC client script
799 aur/vimmpc 20070410-2 (Out of Date) (2)
    MPD controller from within Vim
800 aur/vimmpc-git 20101020-1 (4)
    MPD controller from within Vim
801 aur/vimoutliner 0.3.6-1 (0)
    Outline processor designed for lightning fast authoring 
802 aur/vimpager-git 1.8.2.r0.gc0e7ade-1 (0)
    A vim-based script to use as a PAGER - git checkout
803 aur/vimpal 1.4.0-1 (0)
    A file browser for VIM
804 aur/vimpal-qt4 1.4.0-1 (0)
    A file browser for VIM (Qt4)
805 aur/vimpc 0.09.0-3 (21)
    ncurses based MPD client with vi-like key bindings
806 aur/vimpc-git 5bc806a-1 (6)
    ncurses based MPD client with vi-like key bindings
807 aur/vimpdb 0.beta-3 (8)
    A vim script for debugging python.
808 aur/vimperator 3.8.1-1 (51)
    Make firefox look and behave like Vim
809 aur/vimperator-hg 4797.a430d04ed80c-1 (14)
    Make firefox look and behave like Vim; built from HEAD of branch default
810 aur/vimplate 0.2.3-1 (3)
    Vimplate provides an extensible and powerful template processing system.
811 aur/vimpress 0.91-1 (9)
    Manage wordpress blog posts from Vim
812 aur/vimprobable-git 20110829-1 (50)
    WWW browser that behaves like the Vimperator plugin available for Mozilla Firefox. It is based on the WebKit engine (using GTK bindings). It is a fork of the currently abandoned vimpression (former webkitbrowser).
813 aur/vimprobable2 1.4.2-1 (7)
    Web browser that behaves like Vimperator
814 aur/vimprobable2-git 2014.01.19.ga0801c3-1 (81)
    Lightweight, keyboard-driven, WebKit based browser with Vim keybinds.
815 aur/vimpulse 0.5-1 (3)
    A plugin for emacs which extends Viper with Vim features like Visual mode and text objects.
816 aur/vimrc 1-1 (3)
    Word Processing in Vim (_vimrc win32)
817 aur/vimrepress 3.2.0-1 (0)
    Manage wordpress blog posts from Vim
818 aur/vimshell 7.2-1 (Out of Date) (6)
    Adds support for VimShell patch for VIM and GVIM.
819 aur/vimux 1.0.0-1 (1)
    Easily interact with tmux from Vim
820 aur/vimux-git 20131213-1 (1)
    Easily interact with tmux from Vim
821 aur/vimwiki2org-git 20130910-1 (0)
    A simple tool to convert vimwiki file to emacs org-mode file - Git version
822 aur/vit 1.2-1 (15)
    A terminal interface for Taskwarrior with Vim key bindings and colorization support
823 aur/vitabs-git 20110806-1 (0)
    A guitar tablature editor inspired by Vim
824 aur/vitunes 2.3-1 (11)
    vitunes is a curses-based playlist manager and media player for *nix operating systems with vim-like keybindings.
825 aur/vitunes-git 20120415-1 (3)
    A curses-based playlist manager and media player with vim-like keybindings
826 aur/vivimd 0.0.4-1 (1)
    A wrapper for markdown that attaches vivid styles.
827 aur/vjde 2.16.4-1 (8)
    Just a Development Envirement for VIM
828 aur/vmail 2.7.8-1 (2)
    A Vim interface to Gmail
829 aur/vranger-git 0.0-1 (0)
    vim/ranger integration scripts
830 aur/vundle-git 0.9.1.47.g3dcb0c3-1 (39)
    Another Vim plugin manager
831 aur/window-marker-git 20110818-2 (1)
    Vim-like marking for jumping between windows.
832 aur/yii-api-vim 1.1.14-1 (2)
    Yii API manual plugin for VIM
833 aur/you-get-git 0.3.28.1.20140308-1 (18)
    A YouTube/Youku/Sohu/Tudou/QQ/Sina/PPTV/Xiami/YouTube/Vimeo/ifeng/AcFun/bilibili/CNTV/... video downloader written in Python 3.
834 aur/yzis 1.0_alpha1-1 (11)
    A fast, powerful editor inspired by Vim
835 aur/zimbu 2012.12.18-1 (2)
    A new programming language that aims to be fast, concise, portable, and readable (from the creator of Vim)
836 aur/zimbu-hg 793-1 (0)
    A new programming language that aims to be fast, concise, portable, and readable (from the creator of Vim)
